2023.02.14 11:43:18 INFO  tracing is disabled for protocol LSP, to enable tracing of incoming and outgoing JSON messages create an empty file at /home/pink/code/jresolve/jresolve/.metals/lsp.trace.json or /home/pink/.cache/metals/lsp.trace.json[0m
2023.02.14 11:43:19 INFO  logging to file /home/pink/code/jresolve/jresolve/.metals/metals.log[0m
2023.02.14 11:43:19 INFO  Started: Metals version 0.11.9 in workspace '/home/pink/code/jresolve/jresolve' for client Visual Studio Code 1.75.1.[0m
2023.02.14 11:43:23 INFO  time: initialize in 3.51s[0m
2023.02.14 11:43:27 WARN  Build server is not auto-connectable.[0m
2023.02.14 11:43:27 WARN  no build target for: /home/pink/code/jresolve/jresolve/src/main/java/dev/mccue/resolve/core/DependencySet.java[0m
Feb 14, 2023 11:43:52 AM org.eclipse.lsp4j.jsonrpc.services.GenericEndpoint notify
INFO: Unsupported notification method: $/setTrace
Feb 14, 2023 11:43:55 AM org.eclipse.lsp4j.jsonrpc.services.GenericEndpoint notify
INFO: Unsupported notification method: $/setTrace
Feb 14, 2023 11:43:57 AM org.eclipse.lsp4j.jsonrpc.services.GenericEndpoint notify
INFO: Unsupported notification method: $/setTrace
Feb 14, 2023 11:44:04 AM org.eclipse.lsp4j.jsonrpc.services.GenericEndpoint notify
INFO: Unsupported notification method: $/setTrace
2023.02.14 11:44:10 WARN  no build target for: /home/pink/code/jresolve/jresolve/src/main/java/dev/mccue/resolve/core/Resolution.java[0m
2023.02.14 11:44:12 INFO  time: code lens generation in 1.25s[0m
2023.02.14 11:54:16 ERROR text document: file:///home/pink/code/jresolve/jresolve/src/main/java/dev/mccue/resolve/core/Resolution.javajava.nio.file.NoSuchFileException: /home/pink/code/jresolve/jresolve/src/main/java/dev/mccue/resolve/core/Resolution.java
	at sun.nio.fs.UnixException.translateToIOException(UnixException.java:92)
	at sun.nio.fs.UnixException.rethrowAsIOException(UnixException.java:106)
	at sun.nio.fs.UnixException.rethrowAsIOException(UnixException.java:111)
	at sun.nio.fs.UnixFileSystemProvider.newByteChannel(UnixFileSystemProvider.java:219)
	at java.nio.file.Files.newByteChannel(Files.java:380)
	at java.nio.file.Files.newByteChannel(Files.java:432)
	at java.nio.file.Files.readAllBytes(Files.java:3288)
	at scala.meta.internal.io.PlatformFileIO$.slurp(PlatformFileIO.scala:45)
	at scala.meta.internal.io.FileIO$.slurp(FileIO.scala:24)
	at scala.meta.internal.metals.InteractiveSemanticdbs.$anonfun$textDocument$2(InteractiveSemanticdbs.scala:90)
	at scala.Option.getOrElse(Option.scala:201)
	at scala.meta.internal.metals.InteractiveSemanticdbs.$anonfun$textDocument$1(InteractiveSemanticdbs.scala:90)
	at java.util.HashMap.compute(HashMap.java:1315)
	at java.util.Collections$SynchronizedMap.compute(Collections.java:2770)
	at scala.meta.internal.metals.InteractiveSemanticdbs.textDocument(InteractiveSemanticdbs.scala:89)
	at scala.meta.internal.metals.InteractiveSemanticdbs.textDocument(InteractiveSemanticdbs.scala:63)
	at scala.meta.internal.metals.AggregateSemanticdbs.loop$1(AggregateSemanticdbs.scala:30)
	at scala.meta.internal.metals.AggregateSemanticdbs.textDocument(AggregateSemanticdbs.scala:36)
	at scala.meta.internal.metals.CodeLensProvider.findLenses(CodeLensProvider.scala:22)
	at scala.meta.internal.metals.MetalsLanguageServer.$anonfun$codeLens$2(MetalsLanguageServer.scala:1744)
	at scala.meta.internal.metals.TimerProvider.timedThunk(TimerProvider.scala:25)
	at scala.meta.internal.metals.MetalsLanguageServer.$anonfun$codeLens$1(MetalsLanguageServer.scala:1742)
	at scala.meta.internal.metals.CancelTokens$.$anonfun$apply$2(CancelTokens.scala:26)
	at scala.concurrent.Future$.$anonfun$apply$1(Future.scala:678)
	at scala.concurrent.impl.Promise$Transformation.run(Promise.scala:467)
	at java.util.concurrent.ThreadPoolExecutor.runWorker(ThreadPoolExecutor.java:1136)
	at java.util.concurrent.ThreadPoolExecutor$Worker.run(ThreadPoolExecutor.java:635)
	at java.lang.Thread.run(Thread.java:833)
[0m
2023.02.14 11:54:18 ERROR text document: file:///home/pink/code/jresolve/jresolve/src/main/java/dev/mccue/resolve/core/Resolution.javajava.nio.file.NoSuchFileException: /home/pink/code/jresolve/jresolve/src/main/java/dev/mccue/resolve/core/Resolution.java
	at sun.nio.fs.UnixException.translateToIOException(UnixException.java:92)
	at sun.nio.fs.UnixException.rethrowAsIOException(UnixException.java:106)
	at sun.nio.fs.UnixException.rethrowAsIOException(UnixException.java:111)
	at sun.nio.fs.UnixFileSystemProvider.newByteChannel(UnixFileSystemProvider.java:219)
	at java.nio.file.Files.newByteChannel(Files.java:380)
	at java.nio.file.Files.newByteChannel(Files.java:432)
	at java.nio.file.Files.readAllBytes(Files.java:3288)
	at scala.meta.internal.io.PlatformFileIO$.slurp(PlatformFileIO.scala:45)
	at scala.meta.internal.io.FileIO$.slurp(FileIO.scala:24)
	at scala.meta.internal.metals.InteractiveSemanticdbs.$anonfun$textDocument$2(InteractiveSemanticdbs.scala:90)
	at scala.Option.getOrElse(Option.scala:201)
	at scala.meta.internal.metals.InteractiveSemanticdbs.$anonfun$textDocument$1(InteractiveSemanticdbs.scala:90)
	at java.util.HashMap.compute(HashMap.java:1315)
	at java.util.Collections$SynchronizedMap.compute(Collections.java:2770)
	at scala.meta.internal.metals.InteractiveSemanticdbs.textDocument(InteractiveSemanticdbs.scala:89)
	at scala.meta.internal.metals.InteractiveSemanticdbs.textDocument(InteractiveSemanticdbs.scala:63)
	at scala.meta.internal.metals.AggregateSemanticdbs.loop$1(AggregateSemanticdbs.scala:30)
	at scala.meta.internal.metals.AggregateSemanticdbs.textDocument(AggregateSemanticdbs.scala:36)
	at scala.meta.internal.metals.CodeLensProvider.findLenses(CodeLensProvider.scala:22)
	at scala.meta.internal.metals.MetalsLanguageServer.$anonfun$codeLens$2(MetalsLanguageServer.scala:1744)
	at scala.meta.internal.metals.TimerProvider.timedThunk(TimerProvider.scala:25)
	at scala.meta.internal.metals.MetalsLanguageServer.$anonfun$codeLens$1(MetalsLanguageServer.scala:1742)
	at scala.meta.internal.metals.CancelTokens$.$anonfun$apply$2(CancelTokens.scala:26)
	at scala.concurrent.Future$.$anonfun$apply$1(Future.scala:678)
	at scala.concurrent.impl.Promise$Transformation.run(Promise.scala:467)
	at java.util.concurrent.ThreadPoolExecutor.runWorker(ThreadPoolExecutor.java:1136)
	at java.util.concurrent.ThreadPoolExecutor$Worker.run(ThreadPoolExecutor.java:635)
	at java.lang.Thread.run(Thread.java:833)
[0m
2023.02.14 11:54:27 WARN  no build target for: /home/pink/code/jresolve/jresolve/src/main/java/dev/mccue/resolve/api/Resolve.java.java[0m
2023.02.14 11:54:27 WARN  Running javac-semanticdb failed for file:///home/pink/code/jresolve/jresolve/src/main/java/dev/mccue/resolve/api/Resolve.java.java. Output:
/home/pink/code/jresolve/jresolve/src/main/java/dev/mccue/resolve/api/Resolve.java.java:1: error: illegal character: '`'
class `Resolve.java` {
      ^
/home/pink/code/jresolve/jresolve/src/main/java/dev/mccue/resolve/api/Resolve.java.java:1: error: illegal character: '`'
class `Resolve.java` {
                   ^
2 errors[0m
2023.02.14 11:56:29 WARN  no build target for: /home/pink/code/jresolve/jresolve/src/main/java/dev/mccue/resolve/api/Resolve.java.java[0m
2023.02.14 11:56:29 WARN  Running javac-semanticdb failed for file:///home/pink/code/jresolve/jresolve/src/main/java/dev/mccue/resolve/api/Resolve.java.java. Output:
/home/pink/code/jresolve/jresolve/src/main/java/dev/mccue/resolve/api/Resolve.java.java:1: error: illegal character: '`'
class `Resolve.java` {
      ^
/home/pink/code/jresolve/jresolve/src/main/java/dev/mccue/resolve/api/Resolve.java.java:1: error: illegal character: '`'
class `Resolve.java` {
                   ^
2 errors[0m
Feb 14, 2023 11:56:49 AM org.eclipse.lsp4j.jsonrpc.RemoteEndpoint fallbackResponseError
SEVERE: Internal error: java.lang.ArrayIndexOutOfBoundsException: arraycopy: last source index 72 out of bounds for char[71]
java.util.concurrent.CompletionException: java.lang.ArrayIndexOutOfBoundsException: arraycopy: last source index 72 out of bounds for char[71]
	at java.base/java.util.concurrent.CompletableFuture.encodeThrowable(CompletableFuture.java:332)
	at java.base/java.util.concurrent.CompletableFuture.completeThrowable(CompletableFuture.java:347)
	at java.base/java.util.concurrent.CompletableFuture$UniAccept.tryFire(CompletableFuture.java:708)
	at java.base/java.util.concurrent.CompletableFuture.postComplete(CompletableFuture.java:510)
	at java.base/java.util.concurrent.CompletableFuture.completeExceptionally(CompletableFuture.java:2162)
	at scala.meta.internal.metals.CancelTokens$.$anonfun$future$1(CancelTokens.scala:40)
	at scala.meta.internal.metals.CancelTokens$.$anonfun$future$1$adapted(CancelTokens.scala:38)
	at scala.concurrent.impl.Promise$Transformation.run(Promise.scala:484)
	at java.base/java.util.concurrent.ThreadPoolExecutor.runWorker(ThreadPoolExecutor.java:1136)
	at java.base/java.util.concurrent.ThreadPoolExecutor$Worker.run(ThreadPoolExecutor.java:635)
	at java.base/java.lang.Thread.run(Thread.java:833)
Caused by: java.lang.ArrayIndexOutOfBoundsException: arraycopy: last source index 72 out of bounds for char[71]
	at java.base/java.lang.System.arraycopy(Native Method)
	at org.eclipse.jdt.internal.core.util.PublicScanner.getCurrentTokenSource(PublicScanner.java:496)
	at scala.meta.internal.parsing.JavaFoldingRangeExtractor.swallowUntilSemicolon$1(JavaFoldingRangeExtractor.scala:52)
	at scala.meta.internal.parsing.JavaFoldingRangeExtractor.gatherImportLines$1(JavaFoldingRangeExtractor.scala:76)
	at scala.meta.internal.parsing.JavaFoldingRangeExtractor.gather$1(JavaFoldingRangeExtractor.scala:123)
	at scala.meta.internal.parsing.JavaFoldingRangeExtractor.extract(JavaFoldingRangeExtractor.scala:155)
	at scala.meta.internal.parsing.FoldingRangeProvider.$anonfun$getRangedForJava$2(FoldingRangeProvider.scala:54)
	at scala.Option$WithFilter.map(Option.scala:242)
	at scala.meta.internal.parsing.FoldingRangeProvider.getRangedForJava(FoldingRangeProvider.scala:49)
	at scala.meta.internal.metals.MetalsLanguageServer.$anonfun$foldingRange$3(MetalsLanguageServer.scala:1760)
	at scala.concurrent.Future$.$anonfun$apply$1(Future.scala:678)
	at scala.concurrent.impl.Promise$Transformation.run(Promise.scala:467)
	... 3 more

2023.02.14 11:56:56 WARN  no build target for: /home/pink/code/jresolve/jresolve/src/main/java/dev/mccue/resolve/api/Resolve.java.java[0m
2023.02.14 11:56:56 WARN  Running javac-semanticdb failed for file:///home/pink/code/jresolve/jresolve/src/main/java/dev/mccue/resolve/api/Resolve.java.java. Output:
/home/pink/code/jresolve/jresolve/src/main/java/dev/mccue/resolve/api/Resolve.java.java:3: error: illegal character: '`'
class `Resolve.java` {
      ^
/home/pink/code/jresolve/jresolve/src/main/java/dev/mccue/resolve/api/Resolve.java.java:3: error: illegal character: '`'
class `Resolve.java` {
                   ^
2 errors[0m
2023.02.14 11:57:24 WARN  no build target for: /home/pink/code/jresolve/jresolve/src/main/java/dev/mccue/resolve/api/Resolve.java.java[0m
2023.02.14 11:57:38 WARN  no build target for: /home/pink/code/jresolve/jresolve/src/main/java/dev/mccue/resolve/api/Resolve.java[0m
2023.02.14 11:57:40 WARN  no build target for: /home/pink/code/jresolve/jresolve/src/main/java/dev/mccue/resolve/api/Resolve.java[0m
2023.02.14 11:58:09 WARN  no build target for: /home/pink/code/jresolve/jresolve/src/main/java/dev/mccue/resolve/maven/MavenRepository.java[0m
2023.02.14 11:58:09 WARN  no build target for: /home/pink/code/jresolve/jresolve/src/main/java/dev/mccue/resolve/core/compatibility/Utilities.java[0m
2023.02.14 11:58:10 INFO  time: code lens generation in 1.12s[0m
2023.02.14 11:58:11 WARN  no build target for: /home/pink/code/jresolve/jresolve/src/main/java/dev/mccue/resolve/util/Artifact.java[0m
2023.02.14 11:58:11 WARN  no build target for: /home/pink/code/jresolve/jresolve/src/main/java/dev/mccue/resolve/util/Authentication.java[0m
2023.02.14 11:58:15 WARN  no build target for: /home/pink/code/jresolve/jresolve/src/main/java/dev/mccue/resolve/api/Resolve.java[0m
Feb 14, 2023 3:43:45 PM org.eclipse.lsp4j.jsonrpc.RemoteEndpoint handleCancellation
WARNING: Unmatched cancel notification for request id 296
2023.02.14 17:10:24 WARN  no build target for: /home/pink/code/jresolve/jresolve/src/main/java/dev/mccue/resolve/api/Resolve.java[0m
2023.02.14 17:10:25 WARN  Running javac-semanticdb failed for file:///home/pink/code/jresolve/jresolve/src/main/java/dev/mccue/resolve/api/Resolve.java. Output:
/home/pink/code/jresolve/jresolve/src/main/java/dev/mccue/resolve/api/Resolve.java:11: error: ';' expected
    public void addDependency(String dep)
                                         ^
1 error[0m
2023.02.14 17:20:06 WARN  no build target for: /home/pink/code/jresolve/jresolve/src/main/java/dev/mccue/resolve/api/Resolve.java[0m
Feb 15, 2023 9:23:28 PM org.eclipse.lsp4j.jsonrpc.RemoteEndpoint handleCancellation
WARNING: Unmatched cancel notification for request id 955
Feb 15, 2023 9:23:34 PM org.eclipse.lsp4j.jsonrpc.RemoteEndpoint handleCancellation
WARNING: Unmatched cancel notification for request id 1003
2023.02.15 21:23:44 WARN  no build target for: /home/pink/code/jresolve/jresolve/src/main/java/dev/mccue/resolve/api/Resolve.java[0m
2023.02.15 21:23:51 WARN  no build target for: /home/pink/code/jresolve/jresolve/src/main/java/dev/mccue/resolve/core/Dependency.java[0m
2023.02.15 21:25:34 WARN  no build target for: /home/pink/code/jresolve/jresolve/src/main/java/dev/mccue/resolve/core/Dependency.java[0m
2023.02.15 21:25:49 WARN  no build target for: /home/pink/code/jresolve/jresolve/src/main/java/dev/mccue/resolve/core/Dependency.java[0m
2023.02.15 21:26:05 WARN  no build target for: /home/pink/code/jresolve/jresolve/src/main/java/dev/mccue/resolve/core/Dependency.java[0m
2023.02.15 21:26:17 WARN  no build target for: /home/pink/code/jresolve/jresolve/src/main/java/dev/mccue/resolve/api/Repository.java[0m
2023.02.15 21:26:17 WARN  no build target for: /home/pink/code/jresolve/jresolve/src/main/java/dev/mccue/resolve/api/Repository.java[0m
2023.02.15 21:28:47 WARN  no build target for: /home/pink/code/jresolve/jresolve/src/main/java/dev/mccue/resolve/api/Resolve.java[0m
Feb 15, 2023 9:41:45 PM org.eclipse.lsp4j.jsonrpc.RemoteEndpoint handleCancellation
WARNING: Unmatched cancel notification for request id 2129
Feb 15, 2023 9:42:21 PM org.eclipse.lsp4j.jsonrpc.RemoteEndpoint handleCancellation
WARNING: Unmatched cancel notification for request id 2277
2023.02.15 21:42:34 WARN  no build target for: /home/pink/code/jresolve/jresolve/src/main/java/dev/mccue/resolve/api/Resolve.java[0m
2023.02.15 21:43:09 WARN  no build target for: /home/pink/code/jresolve/jresolve/src/main/java/dev/mccue/resolve/api/Resolve.java[0m
2023.02.15 21:44:04 WARN  no build target for: /home/pink/code/jresolve/jresolve/src/main/java/dev/mccue/resolve/api/Cache.java[0m
2023.02.15 21:44:11 WARN  no build target for: /home/pink/code/jresolve/jresolve/src/main/java/dev/mccue/resolve/api/Resolve.java[0m
2023.02.15 21:44:17 WARN  no build target for: /home/pink/code/jresolve/jresolve/src/main/java/dev/mccue/resolve/api/Cache.java[0m
2023.02.15 21:44:31 WARN  no build target for: /home/pink/code/jresolve/jresolve/src/main/java/dev/mccue/resolve/api/Resolve.java[0m
2023.02.15 21:45:22 WARN  no build target for: /home/pink/code/jresolve/jresolve/src/main/java/dev/mccue/resolve/api/Cache.java[0m
2023.02.15 21:46:13 WARN  no build target for: /home/pink/code/jresolve/jresolve/src/main/java/dev/mccue/resolve/core/ExecutionContext.java[0m
2023.02.15 21:46:45 WARN  no build target for: /home/pink/code/jresolve/jresolve/src/main/java/dev/mccue/resolve/core/ExecutionContext.java[0m
2023.02.15 21:46:45 WARN  Running javac-semanticdb failed for file:///home/pink/code/jresolve/jresolve/src/main/java/dev/mccue/resolve/core/ExecutionContext.java. Output:
/home/pink/code/jresolve/jresolve/src/main/java/dev/mccue/resolve/core/ExecutionContext.java:3: error: invalid method declaration; return type required
    public ExecutioNContext() {}
           ^
1 error[0m
2023.02.15 21:47:28 WARN  no build target for: /home/pink/code/jresolve/jresolve/src/main/java/dev/mccue/resolve/api/Cache.java[0m
2023.02.15 21:47:28 WARN  Running javac-semanticdb failed for file:///home/pink/code/jresolve/jresolve/src/main/java/dev/mccue/resolve/api/Cache.java. Output:
/home/pink/code/jresolve/jresolve/src/main/java/dev/mccue/resolve/api/Cache.java:4: error: invalid method declaration; return type required
    public ExecutionContext() {
           ^
1 error[0m
2023.02.15 21:47:35 WARN  no build target for: /home/pink/code/jresolve/jresolve/src/main/java/dev/mccue/resolve/api/Cache.java[0m
2023.02.15 21:47:46 WARN  no build target for: /home/pink/code/jresolve/jresolve/src/main/java/dev/mccue/resolve/core/ExecutionContext.java[0m
2023.02.15 21:47:49 WARN  no build target for: /home/pink/code/jresolve/jresolve/src/main/java/dev/mccue/resolve/core/ExecutionContext.java[0m
2023.02.15 21:47:59 WARN  no build target for: /home/pink/code/jresolve/jresolve/src/main/java/dev/mccue/resolve/core/ExecutionContext.java[0m
Feb 16, 2023 9:46:07 AM org.eclipse.lsp4j.jsonrpc.RemoteEndpoint handleCancellation
WARNING: Unmatched cancel notification for request id 2917
2023.02.16 09:46:18 WARN  no build target for: /home/pink/code/jresolve/jresolve/src/main/java/dev/mccue/resolve/api/Repository.java[0m
2023.02.16 09:46:49 WARN  no build target for: /home/pink/code/jresolve/jresolve/src/main/java/dev/mccue/resolve/api/Resolve.java[0m
2023.02.16 09:46:57 WARN  no build target for: /home/pink/code/jresolve/jresolve/src/main/java/dev/mccue/resolve/core/ExecutionContext.java[0m
2023.02.16 09:47:10 WARN  no build target for: /home/pink/code/jresolve/jresolve/src/main/java/dev/mccue/resolve/core/ExecutionContext.java[0m
2023.02.16 09:47:36 WARN  no build target for: /home/pink/code/jresolve/jresolve/src/main/java/dev/mccue/resolve/api/Resolve.java[0m
2023.02.16 09:47:41 WARN  no build target for: /home/pink/code/jresolve/jresolve/src/main/java/dev/mccue/resolve/api/Cache.java[0m
2023.02.16 09:47:46 WARN  no build target for: /home/pink/code/jresolve/jresolve/src/main/java/dev/mccue/resolve/api/Cache.java[0m
2023.02.16 09:48:22 WARN  no build target for: /home/pink/code/jresolve/jresolve/src/main/java/dev/mccue/resolve/api/Resolution.java[0m
2023.02.16 09:48:24 WARN  no build target for: /home/pink/code/jresolve/jresolve/src/main/java/dev/mccue/resolve/api/Resolution.java[0m
2023.02.16 09:48:40 WARN  no build target for: /home/pink/code/jresolve/jresolve/src/main/java/dev/mccue/resolve/api/Resolution.java[0m
2023.02.16 09:48:42 WARN  no build target for: /home/pink/code/jresolve/jresolve/src/main/java/dev/mccue/resolve/api/Resolution.java[0m
2023.02.16 09:49:15 WARN  no build target for: /home/pink/code/jresolve/jresolve/src/main/java/dev/mccue/resolve/api/Resolve.java[0m
2023.02.16 09:49:23 WARN  no build target for: /home/pink/code/jresolve/jresolve/src/main/java/dev/mccue/resolve/api/Resolve.java[0m
Feb 16, 2023 11:02:01 AM org.eclipse.lsp4j.jsonrpc.RemoteEndpoint handleCancellation
WARNING: Unmatched cancel notification for request id 3375
2023.02.16 11:02:11 WARN  no build target for: /home/pink/code/jresolve/jresolve/src/main/java/dev/mccue/resolve/api/Resolve.java[0m
Feb 17, 2023 11:44:28 AM org.eclipse.lsp4j.jsonrpc.services.GenericEndpoint notify
INFO: Unsupported notification method: $/setTrace
2023.02.17 13:26:17 WARN  no build target for: /home/pink/code/jresolve/jresolve/src/main/java/dev/mccue/resolve/core/Artifact.java[0m
2023.02.17 13:29:06 WARN  no build target for: /home/pink/code/jresolve/jresolve/src/main/java/dev/mccue/resolve/api/Resolve.java[0m
2023.02.17 13:36:40 WARN  no build target for: /home/pink/code/jresolve/jresolve/src/main/java/dev/mccue/resolve/api/Resolve.java[0m
2023.02.17 13:36:40 WARN  Running javac-semanticdb failed for file:///home/pink/code/jresolve/jresolve/src/main/java/dev/mccue/resolve/api/Resolve.java. Output:
/home/pink/code/jresolve/jresolve/src/main/java/dev/mccue/resolve/api/Resolve.java:32: error: bad initializer for for-loop
        for (dependency : dependencies) {
             ^
1 error[0m
2023.02.17 13:36:54 WARN  no build target for: /home/pink/code/jresolve/jresolve/src/main/java/dev/mccue/resolve/api/Resolve.java[0m
2023.02.17 13:41:32 WARN  no build target for: /home/pink/code/jresolve/jresolve/src/main/java/dev/mccue/resolve/maven/MavenCentralDownloader.java[0m
2023.02.17 13:41:55 WARN  no build target for: /home/pink/code/jresolve/jresolve/src/main/java/dev/mccue/resolve/api/Resolve.java[0m
2023.02.17 13:47:42 WARN  no build target for: /home/pink/code/jresolve/jresolve/src/main/java/dev/mccue/resolve/api/Resolve.java[0m
2023.02.17 13:49:33 WARN  no build target for: /home/pink/code/jresolve/jresolve/src/main/java/dev/mccue/resolve/maven/MavenCentralDownloader.java[0m
2023.02.17 13:53:30 WARN  no build target for: /home/pink/code/jresolve/jresolve/src/main/java/dev/mccue/resolve/core/Classifier.java[0m
Feb 17, 2023 1:55:15 PM org.eclipse.lsp4j.jsonrpc.RemoteEndpoint handleCancellation
WARNING: Unmatched cancel notification for request id 4402
2023.02.17 13:56:12 WARN  no build target for: /home/pink/code/jresolve/jresolve/src/main/java/dev/mccue/resolve/api/Resolve.java[0m
2023.02.17 13:59:55 WARN  no build target for: /home/pink/code/jresolve/jresolve/src/main/java/dev/mccue/resolve/api/Resolve.java[0m
2023.02.17 14:00:28 WARN  no build target for: /home/pink/code/jresolve/jresolve/src/main/java/dev/mccue/resolve/api/Resolve.java[0m
2023.02.17 14:00:32 WARN  no build target for: /home/pink/code/jresolve/jresolve/src/main/java/dev/mccue/resolve/api/Resolve.java[0m
2023.02.17 14:02:53 WARN  no build target for: /home/pink/code/jresolve/jresolve/src/main/java/dev/mccue/resolve/api/Resolve.java[0m
2023.02.17 14:03:19 WARN  no build target for: /home/pink/code/jresolve/jresolve/src/main/java/dev/mccue/resolve/api/Resolve.java[0m
